# JRE version: 7.0_25-b17
# Java VM: Java HotSpot(TM) 64-Bit Server VM (23.25-b01 mixed mode windows-amd64 compressed oops)
Heap
 PSYoungGen      total 38080K, used 31383K [0x00000007d58b0000, 0x00000007d8320000, 0x0000000800000000)
  eden space 32704K, 79% used [0x00000007d58b0000,0x00000007d721ae20,0x00000007d78a0000)
  from space 5376K, 99% used [0x00000007d7de0000,0x00000007d831b120,0x00000007d8320000)
  to   space 5376K, 0% used [0x00000007d78a0000,0x00000007d78a0000,0x00000007d7de0000)
 ParOldGen       total 86912K, used 2980K [0x0000000780a00000, 0x0000000785ee0000, 0x00000007d58b0000)
  object space 86912K, 3% used [0x0000000780a00000,0x0000000780ce91f0,0x0000000785ee0000)
 PSPermGen       total 21248K, used 17801K [0x000000077b800000, 0x000000077ccc0000, 0x0000000780a00000)
  object space 21248K, 83% used [0x000000077b800000,0x000000077c962568,0x000000077ccc0000)
GC Heap History (4 events):
Event: 0.930 GC heap before
{Heap before GC invocations=1 (full 0):
 PSYoungGen      total 38080K, used 32704K [0x00000007d58b0000, 0x00000007d8320000, 0x0000000800000000)
  eden space 32704K, 100% used [0x00000007d58b0000,0x00000007d78a0000,0x00000007d78a0000)
  from space 5376K, 0% used [0x00000007d7de0000,0x00000007d7de0000,0x00000007d8320000)
  to   space 5376K, 0% used [0x00000007d78a0000,0x00000007d78a0000,0x00000007d7de0000)
 ParOldGen       total 86912K, used 0K [0x0000000780a00000, 0x0000000785ee0000, 0x00000007d58b0000)
  object space 86912K, 0% used [0x0000000780a00000,0x0000000780a00000,0x0000000785ee0000)
 PSPermGen       total 21248K, used 8924K [0x000000077b800000, 0x000000077ccc0000, 0x0000000780a00000)
  object space 21248K, 42% used [0x000000077b800000,0x000000077c0b73a0,0x000000077ccc0000)
Event: 0.935 GC heap after
Heap after GC invocations=1 (full 0):
 PSYoungGen      total 38080K, used 5356K [0x00000007d58b0000, 0x00000007d8320000, 0x0000000800000000)
  eden space 32704K, 0% used [0x00000007d58b0000,0x00000007d58b0000,0x00000007d78a0000)
  from space 5376K, 99% used [0x00000007d78a0000,0x00000007d7ddb240,0x00000007d7de0000)
  to   space 5376K, 0% used [0x00000007d7de0000,0x00000007d7de0000,0x00000007d8320000)
 ParOldGen       total 86912K, used 37K [0x0000000780a00000, 0x0000000785ee0000, 0x00000007d58b0000)
  object space 86912K, 0% used [0x0000000780a00000,0x0000000780a094f8,0x0000000785ee0000)
 PSPermGen       total 21248K, used 8924K [0x000000077b800000, 0x000000077ccc0000, 0x0000000780a00000)
  object space 21248K, 42% used [0x000000077b800000,0x000000077c0b73a0,0x000000077ccc0000)
}
Event: 1.493 GC heap before
{Heap before GC invocations=2 (full 0):
 PSYoungGen      total 38080K, used 38060K [0x00000007d58b0000, 0x00000007d8320000, 0x0000000800000000)
  eden space 32704K, 100% used [0x00000007d58b0000,0x00000007d78a0000,0x00000007d78a0000)
  from space 5376K, 99% used [0x00000007d78a0000,0x00000007d7ddb240,0x00000007d7de0000)
  to   space 5376K, 0% used [0x00000007d7de0000,0x00000007d7de0000,0x00000007d8320000)
 ParOldGen       total 86912K, used 37K [0x0000000780a00000, 0x0000000785ee0000, 0x00000007d58b0000)
  object space 86912K, 0% used [0x0000000780a00000,0x0000000780a094f8,0x0000000785ee0000)
 PSPermGen       total 21248K, used 13741K [0x000000077b800000, 0x000000077ccc0000, 0x0000000780a00000)
  object space 21248K, 64% used [0x000000077b800000,0x000000077c56b450,0x000000077ccc0000)
Event: 1.500 GC heap after
Heap after GC invocations=2 (full 0):
 PSYoungGen      total 38080K, used 5356K [0x00000007d58b0000, 0x00000007d8320000, 0x0000000800000000)
  eden space 32704K, 0% used [0x00000007d58b0000,0x00000007d58b0000,0x00000007d78a0000)
  from space 5376K, 99% used [0x00000007d7de0000,0x00000007d831b120,0x00000007d8320000)
  to   space 5376K, 0% used [0x00000007d78a0000,0x00000007d78a0000,0x00000007d7de0000)
 ParOldGen       total 86912K, used 2980K [0x0000000780a00000, 0x0000000785ee0000, 0x00000007d58b0000)
  object space 86912K, 3% used [0x0000000780a00000,0x0000000780ce91f0,0x0000000785ee0000)
 PSPermGen       total 21248K, used 13741K [0x000000077b800000, 0x000000077ccc0000, 0x0000000780a00000)
  object space 21248K, 64% used [0x000000077b800000,0x000000077c56b450,0x000000077ccc0000)
}

